<?xml version="1.0" encoding="UTF-8"?>
<!-- Generated by org.testng.reporters.JUnitReportReporter -->
<testsuite skipped="0" hostname="PFTBLR-LT-142" name="com.crm.qa.util.DBConnection" tests="1" failures="0" timestamp="12 Sep 2019 15:40:42 GMT" time="1.208" errors="0">
  <testcase name="DBConnection" time="1.208" classname="com.crm.qa.util.DBConnection"/>
</testsuite> <!-- com.crm.qa.util.DBConnection -->
